Determining if the pthread_create exist failed with the following output:
Change Dir: /home/robotics/Desktop/project-1/catkin_workspace/build/CMakeFiles/CMakeTmp

Run Build Command:/usr/bin/make "cmTryCompileExec4279714979/fast"
/usr/bin/make -f CMakeFiles/cmTryCompileExec4279714979.dir/build.make CMakeFiles/cmTryCompileExec4279714979.dir/build
make[1]: Entering directory `/home/robotics/Desktop/project-1/catkin_workspace/build/CMakeFiles/CMakeTmp'
/usr/bin/cmake -E cmake_progress_report /home/robotics/Desktop/project-1/catkin_workspace/build/CMakeFiles/CMakeTmp/CMakeFiles 1
Building C object CMakeFiles/cmTryCompileExec4279714979.dir/CheckSymbolExists.c.o
/usr/bin/cc    -o CMakeFiles/cmTryCompileExec4279714979.dir/CheckSymbolExists.c.o   -c /home/robotics/Desktop/project-1/catkin_workspace/build/CMakeFiles/CMakeTmp/CheckSymbolExists.c
Linking C executable cmTryCompileExec4279714979
/usr/bin/cmake -E cmake_link_script CMakeFiles/cmTryCompileExec4279714979.dir/link.txt --verbose=1
/usr/bin/cc       CMakeFiles/cmTryCompileExec4279714979.dir/CheckSymbolExists.c.o  -o cmTryCompileExec4279714979 -rdynamic 
CMakeFiles/cmTryCompileExec4279714979.dir/CheckSymbolExists.c.o: In function `main':
CheckSymbolExists.c:(.text+0x16): undefined reference to `pthread_create'
collect2: error: ld returned 1 exit status
make[1]: Leaving directory `/home/robotics/Desktop/project-1/catkin_workspace/build/CMakeFiles/CMakeTmp'
make[1]: *** [cmTryCompileExec4279714979] Error 1
make: *** [cmTryCompileExec4279714979/fast] Error 2

File /home/robotics/Desktop/project-1/catkin_workspace/build/CMakeFiles/CMakeTmp/CheckSymbolExists.c:
/* */
#include <pthread.h>

int main(int argc, char** argv)
{
  (void)argv;
#ifndef pthread_create
  return ((int*)(&pthread_create))[argc];
#else
  (void)argc;
  return 0;
#endif
}

Determining if the function pthread_create exists in the pthreads failed with the following output:
Change Dir: /home/robotics/Desktop/project-1/catkin_workspace/build/CMakeFiles/CMakeTmp

Run Build Command:/usr/bin/make "cmTryCompileExec959364635/fast"
/usr/bin/make -f CMakeFiles/cmTryCompileExec959364635.dir/build.make CMakeFiles/cmTryCompileExec959364635.dir/build
make[1]: Entering directory `/home/robotics/Desktop/project-1/catkin_workspace/build/CMakeFiles/CMakeTmp'
/usr/bin/cmake -E cmake_progress_report /home/robotics/Desktop/project-1/catkin_workspace/build/CMakeFiles/CMakeTmp/CMakeFiles 1
Building C object CMakeFiles/cmTryCompileExec959364635.dir/CheckFunctionExists.c.o
/usr/bin/cc   -DCHECK_FUNCTION_EXISTS=pthread_create   -o CMakeFiles/cmTryCompileExec959364635.dir/CheckFunctionExists.c.o   -c /usr/share/cmake-2.8/Modules/CheckFunctionExists.c
Linking C executable cmTryCompileExec959364635
/usr/bin/cmake -E cmake_link_script CMakeFiles/cmTryCompileExec959364635.dir/link.txt --verbose=1
/usr/bin/cc   -DCHECK_FUNCTION_EXISTS=pthread_create    CMakeFiles/cmTryCompileExec959364635.dir/CheckFunctionExists.c.o  -o cmTryCompileExec959364635 -rdynamic -lpthreads 
/usr/bin/ld: cannot find -lpthreads
collect2: error: ld returned 1 exit status
make[1]: Leaving directory `/home/robotics/Desktop/project-1/catkin_workspace/build/CMakeFiles/CMakeTmp'
make[1]: *** [cmTryCompileExec959364635] Error 1
make: *** [cmTryCompileExec959364635/fast] Error 2


